<?xml version="1.0" encoding="UTF-8"?>
<!-- Generated by org.testng.reporters.JUnitXMLReporter -->
<testsuite hostname="USBLRPKATARIAS2" ignored="0" name="Test" tests="1" failures="1" timestamp="22 Oct 2018 17:09:23 GMT" time="54.278" errors="0">
  <testcase name="loginpage_test" time="30.398" classname="com.ilab.automation.LoginTest">
    <failure type="org.openqa.selenium.WebDriverException" message="unknown error: Element &amp;lt;span class=&amp;quot;favorite-star cm-icon-outline-star brand-color-pri&amp;quot; ng-class=&amp;quot;[{true: &amp;apos;cm-icon-filled-star&amp;apos;, false:&amp;apos;cm-icon-outline-star&amp;apos;}[favoriteCtrl.favorite.pageStatus],{true:&amp;apos;favorite-hide&amp;apos;, false: &amp;apos;brand-color-pri&amp;apos;}[favoriteCtrl.isLoading]]&amp;quot; ng-click=&amp;quot;favoriteCtrl.updateFavorite()&amp;quot; aria-label=&amp;quot;Favorite_Button&amp;quot; role=&amp;quot;button&amp;quot; tabindex=&amp;quot;0&amp;quot; data-original-title=&amp;quot;&amp;quot; title=&amp;quot;&amp;quot;&amp;gt;&amp;lt;/span&amp;gt; is not clickable at point (225, 181). Other element would receive the click: &amp;lt;div class=&amp;quot;spinner-mask spinner-overlay&amp;quot;&amp;gt;...&amp;lt;/div&amp;gt;
  (Session info: chrome=69.0.3497.100)
  (Driver info: chromedriver=2.42.591088 (7b2b2dca23cca0862f674758c9a3933e685c27d5),platform=Windows NT 10.0.16299 x86_64) (WARNING: The server did not provide any stacktrace information)
Command duration or timeout: 0 milliseconds
Build info: version: &amp;apos;3.14.0&amp;apos;, revision: &amp;apos;aacccce0&amp;apos;, time: &amp;apos;2018-08-02T20:13:22.693Z&amp;apos;
System info: host: &amp;apos;USBLRPKATARIAS2&amp;apos;, ip: &amp;apos;10.29.169.11&amp;apos;, os.name: &amp;apos;Windows 10&amp;apos;, os.arch: &amp;apos;amd64&amp;apos;, os.version: &amp;apos;10.0&amp;apos;, java.version: &amp;apos;1.8.0_131&amp;apos;
Driver info: org.openqa.selenium.chrome.ChromeDriver
Capabilities {acceptInsecureCerts: false, acceptSslCerts: false, applicationCacheEnabled: false, browserConnectionEnabled: false, browserName: chrome, chrome: {chromedriverVersion: 2.42.591088 (7b2b2dca23cca0..., userDataDir: C:\Users\PKATAR~1\AppData\L...}, cssSelectorsEnabled: true, databaseEnabled: false, goog:chromeOptions: {debuggerAddress: localhost:56591}, handlesAlerts: true, hasTouchScreen: false, javascriptEnabled: true, locationContextEnabled: true, mobileEmulationEnabled: false, nativeEvents: true, networkConnectionEnabled: false, pageLoadStrategy: normal, platform: XP, platformName: XP, rotatable: false, setWindowRect: true, takesHeapSnapshot: true, takesScreenshot: true, unexpectedAlertBehaviour: , unhandledPromptBehavior: , version: 69.0.3497.100, webStorageEnabled: true}
Session ID: 2b9bd7c20f75ae2e21ad7d8a2f25096c">
      <![CDATA[org.openqa.selenium.WebDriverException: unknown error: Element <span class="favorite-star cm-icon-outline-star brand-color-pri" ng-class="[{true: 'cm-icon-filled-star', false:'cm-icon-outline-star'}[favoriteCtrl.favorite.pageStatus],{true:'favorite-hide', false: 'brand-color-pri'}[favoriteCtrl.isLoading]]" ng-click="favoriteCtrl.updateFavorite()" aria-label="Favorite_Button" role="button" tabindex="0" data-original-title="" title=""></span> is not clickable at point (225, 181). Other element would receive the click: <div class="spinner-mask spinner-overlay">...</div>
  (Session info: chrome=69.0.3497.100)
  (Driver info: chromedriver=2.42.591088 (7b2b2dca23cca0862f674758c9a3933e685c27d5),platform=Windows NT 10.0.16299 x86_64) (WARNING: The server did not provide any stacktrace information)
Command duration or timeout: 0 milliseconds
Build info: version: '3.14.0', revision: 'aacccce0', time: '2018-08-02T20:13:22.693Z'
System info: host: 'USBLRPKATARIAS2', ip: '10.29.169.11', os.name: 'Windows 10', os.arch: 'amd64', os.version: '10.0', java.version: '1.8.0_131'
Driver info: org.openqa.selenium.chrome.ChromeDriver
Capabilities {acceptInsecureCerts: false, acceptSslCerts: false, applicationCacheEnabled: false, browserConnectionEnabled: false, browserName: chrome, chrome: {chromedriverVersion: 2.42.591088 (7b2b2dca23cca0..., userDataDir: C:\Users\PKATAR~1\AppData\L...}, cssSelectorsEnabled: true, databaseEnabled: false, goog:chromeOptions: {debuggerAddress: localhost:56591}, handlesAlerts: true, hasTouchScreen: false, javascriptEnabled: true, locationContextEnabled: true, mobileEmulationEnabled: false, nativeEvents: true, networkConnectionEnabled: false, pageLoadStrategy: normal, platform: XP, platformName: XP, rotatable: false, setWindowRect: true, takesHeapSnapshot: true, takesScreenshot: true, unexpectedAlertBehaviour: , unhandledPromptBehavior: , version: 69.0.3497.100, webStorageEnabled: true}
Session ID: 2b9bd7c20f75ae2e21ad7d8a2f25096c
at org.openqa.selenium.remote.ErrorHandler.createThrowable(ErrorHandler.java:214)
at org.openqa.selenium.remote.ErrorHandler.throwIfResponseFailed(ErrorHandler.java:166)
at org.openqa.selenium.remote.http.JsonHttpResponseCodec.reconstructValue(JsonHttpResponseCodec.java:40)
at org.openqa.selenium.remote.http.AbstractHttpResponseCodec.decode(AbstractHttpResponseCodec.java:80)
at org.openqa.selenium.remote.http.AbstractHttpResponseCodec.decode(AbstractHttpResponseCodec.java:44)
at org.openqa.selenium.remote.HttpCommandExecutor.execute(HttpCommandExecutor.java:158)
at org.openqa.selenium.remote.service.DriverCommandExecutor.execute(DriverCommandExecutor.java:83)
at org.openqa.selenium.remote.RemoteWebDriver.execute(RemoteWebDriver.java:548)
at org.openqa.selenium.remote.RemoteWebElement.execute(RemoteWebElement.java:276)
at org.openqa.selenium.remote.RemoteWebElement.click(RemoteWebElement.java:83)
at org.openqa.selenium.support.pagefactory.internal.LocatingElementHandler.invoke(LocatingElementHandler.java:51)
at com.sun.proxy.$Proxy9.click(Unknown Source)
at CM_POMPages.SF5ProfilePage.favouriteProfile(SF5ProfilePage.java:54)
at com.ilab.automation.LoginTest.loginpage_test(LoginTest.java:34)
... Removed 33 stack frames]]>
    </failure>
  </testcase> <!-- loginpage_test -->
</testsuite> <!-- Test -->
